<?xml version="1.0" encoding="UTF-8"?>
<!-- Generated by org.testng.reporters.JUnitReportReporter -->
<testsuite hostname="DESKTOP-CN90M96" name="org.cases.TC_RF_003" tests="4" failures="0" timestamp="29 Dec 2024 15:49:08 GMT" time="56.169" errors="0">
  <testcase name="invalidEmail" time="12.857" classname="org.cases.TC_RF_003"/>
  <testcase name="invalidEmail" time="13.666" classname="org.cases.TC_RF_003"/>
  <testcase name="invalidEmail" time="15.055" classname="org.cases.TC_RF_003"/>
  <testcase name="invalidEmail" time="14.591" classname="org.cases.TC_RF_003"/>
</testsuite> <!-- org.cases.TC_RF_003 -->
