<?xml version="1.0" encoding="UTF-8"?>
<!-- Generated by org.testng.reporters.JUnitReportReporter -->
<testsuite hostname="DESKTOP-CN90M96" name="org.cases.TestCases" tests="3" failures="0" timestamp="29 Dec 2024 04:55:10 GMT" time="32.634" errors="0">
  <testcase name="test1" time="11.897" classname="org.cases.TestCases"/>
  <testcase name="test1" time="10.747" classname="org.cases.TestCases"/>
  <testcase name="test1" time="9.990" classname="org.cases.TestCases"/>
</testsuite> <!-- org.cases.TestCases -->
